<?xml version="1.0" encoding="UTF-8"?>
<!-- Generated by org.testng.reporters.JUnitReportReporter -->
<testsuite skipped="0" hostname="BLRW3004289" name="AutomationTests.Perf_mod_page1_BUDev_AutomationTest" tests="3" failures="1" timestamp="17 Apr 2017 10:11:53 GMT" time="1262.279" errors="0">
  <testcase name="OpenAutomationTest_env" time="8.159" classname="AutomationTests.Perf_mod_page1_BUDev_AutomationTest"/>
  <testcase name="login" time="91.926" classname="AutomationTests.Perf_mod_page1_BUDev_AutomationTest"/>
  <testcase name="menuSelect" time="1162.194" classname="AutomationTests.Perf_mod_page1_BUDev_AutomationTest">
    <failure type="java.lang.AssertionError" message="AustriaRx/NonRx:PIfailed">
      <![CDATA[java.lang.AssertionError: AustriaRx/NonRx:PIfailed
	at org.testng.Assert.fail(Assert.java:82)
	at AutomationTests.Perf_mod_page1_BUDev_AutomationTest.drillPages(Perf_mod_page1_BUDev_AutomationTest.java:261)
	at AutomationTests.Perf_mod_page1_BUDev_AutomationTest.GMdrillDownPages(Perf_mod_page1_BUDev_AutomationTest.java:222)
	at AutomationTests.Perf_mod_page1_BUDev_AutomationTest.menuSelect(Perf_mod_page1_BUDev_AutomationTest.java:118)
	at sun.reflect.NativeMethodAccessorImpl.invoke0(Native Method)
	at sun.reflect.NativeMethodAccessorImpl.invoke(Unknown Source)
	at sun.reflect.DelegatingMethodAccessorImpl.invoke(Unknown Source)
	at java.lang.reflect.Method.invoke(Unknown Source)
	at org.testng.internal.MethodInvocationHelper.invokeMethod(MethodInvocationHelper.java:108)
	at org.testng.internal.InvokeMethodRunnable.runOne(InvokeMethodRunnable.java:54)
	at org.testng.internal.InvokeMethodRunnable.run(InvokeMethodRunnable.java:44)
	at java.util.concurrent.Executors$RunnableAdapter.call(Unknown Source)
	at java.util.concurrent.FutureTask.run(Unknown Source)
	at java.util.concurrent.ThreadPoolExecutor.runWorker(Unknown Source)
	at java.util.concurrent.ThreadPoolExecutor$Worker.run(Unknown Source)
	at java.lang.Thread.run(Unknown Source)
Caused by: org.openqa.selenium.StaleElementReferenceException: stale element reference: element is not attached to the page document
  (Session info: chrome=57.0.2987.133)
  (Driver info: chromedriver=2.28.455520 (cc17746adff54984afff480136733114c6b3704b),platform=Windows NT 6.1.7601 SP1 x86_64) (WARNING: The server did not provide any stacktrace information)
Command duration or timeout: 1.46 seconds
For documentation on this error, please visit: http://seleniumhq.org/exceptions/stale_element_reference.html
Build info: version: '3.2.0', revision: '8c03df6', time: '2017-03-02 09:34:51 -0800'
System info: host: 'BLRW3004289', ip: '10.205.49.220', os.name: 'Windows 7', os.arch: 'amd64', os.version: '6.1', java.version: '1.8.0_121'
Driver info: org.openqa.selenium.chrome.ChromeDriver
Capabilities [{applicationCacheEnabled=false, rotatable=false, mobileEmulationEnabled=false, networkConnectionEnabled=false, chrome={chromedriverVersion=2.28.455520 (cc17746adff54984afff480136733114c6b3704b), userDataDir=C:\Users\SNARAY~1\AppData\Local\Temp\scoped_dir7800_25652}, takesHeapSnapshot=true, pageLoadStrategy=normal, databaseEnabled=false, handlesAlerts=true, hasTouchScreen=false, version=57.0.2987.133, platform=XP, browserConnectionEnabled=false, nativeEvents=true, acceptSslCerts=true, locationContextEnabled=true, webStorageEnabled=true, browserName=chrome, takesScreenshot=true, javascriptEnabled=true, cssSelectorsEnabled=true, unexpectedAlertBehaviour=}]
Session ID: 75eb1163e338b90d4d6256433be20c8c
	at sun.reflect.NativeConstructorAccessorImpl.newInstance0(Native Method)
	at sun.reflect.NativeConstructorAccessorImpl.newInstance(Unknown Source)
	at sun.reflect.DelegatingConstructorAccessorImpl.newInstance(Unknown Source)
	at java.lang.reflect.Constructor.newInstance(Unknown Source)
	at org.openqa.selenium.remote.ErrorHandler.createThrowable(ErrorHandler.java:216)
	at org.openqa.selenium.remote.ErrorHandler.throwIfResponseFailed(ErrorHandler.java:168)
	at org.openqa.selenium.remote.RemoteWebDriver.execute(RemoteWebDriver.java:638)
	at org.openqa.selenium.remote.RemoteWebElement.execute(RemoteWebElement.java:274)
	at org.openqa.selenium.remote.RemoteWebElement.getText(RemoteWebElement.java:158)
	at PageOModel.Performance_trend_analysis_page.lambda$3(Performance_trend_analysis_page.java:138)
	at java.util.stream.ReferencePipeline$3$1.accept(Unknown Source)
	at java.util.ArrayList$ArrayListSpliterator.forEachRemaining(Unknown Source)
	at java.util.stream.AbstractPipeline.copyInto(Unknown Source)
	at java.util.stream.AbstractPipeline.wrapAndCopyInto(Unknown Source)
	at java.util.stream.ForEachOps$ForEachOp.evaluateSequential(Unknown Source)
	at java.util.stream.ForEachOps$ForEachOp$OfRef.evaluateSequential(Unknown Source)
	at java.util.stream.AbstractPipeline.evaluate(Unknown Source)
	at java.util.stream.ReferencePipeline.forEach(Unknown Source)
	at PageOModel.Performance_trend_analysis_page.valueData(Performance_trend_analysis_page.java:143)
	at AutomationTests.Perf_mod_page1_BUDev_AutomationTest.segmentPages(Perf_mod_page1_BUDev_AutomationTest.java:291)
	at AutomationTests.Perf_mod_page1_BUDev_AutomationTest.drillPages(Perf_mod_page1_BUDev_AutomationTest.java:259)
	... 14 more
]]>
    </failure>
  </testcase> <!-- menuSelect -->
</testsuite> <!-- AutomationTests.Perf_mod_page1_BUDev_AutomationTest -->
