<?xml version="1.0" encoding="UTF-8"?>
<!-- Generated by org.testng.reporters.JUnitReportReporter -->
<testsuite skipped="0" hostname="BLRW3004289" name="AutomationTests.Perf_mod_page1_UAT" tests="3" failures="1" timestamp="19 Apr 2017 11:51:35 GMT" time="7189.223" errors="0">
  <testcase name="OpenAutomationTest_env" time="19.995" classname="AutomationTests.Perf_mod_page1_UAT"/>
  <testcase name="login" time="130.877" classname="AutomationTests.Perf_mod_page1_UAT"/>
  <testcase name="menuSelect" time="7038.351" classname="AutomationTests.Perf_mod_page1_UAT">
    <failure type="java.lang.AssertionError" message="BelgiumChannelsfailed">
      <![CDATA[java.lang.AssertionError: BelgiumChannelsfailed
	at org.testng.Assert.fail(Assert.java:82)
	at AutomationTests.Perf_mod_page1_UAT.drillPages(Perf_mod_page1_UAT.java:260)
	at AutomationTests.Perf_mod_page1_UAT.GMdrillDownPages(Perf_mod_page1_UAT.java:221)
	at AutomationTests.Perf_mod_page1_UAT.menuSelect(Perf_mod_page1_UAT.java:117)
	at sun.reflect.NativeMethodAccessorImpl.invoke0(Native Method)
	at sun.reflect.NativeMethodAccessorImpl.invoke(Unknown Source)
	at sun.reflect.DelegatingMethodAccessorImpl.invoke(Unknown Source)
	at java.lang.reflect.Method.invoke(Unknown Source)
	at org.testng.internal.MethodInvocationHelper.invokeMethod(MethodInvocationHelper.java:108)
	at org.testng.internal.InvokeMethodRunnable.runOne(InvokeMethodRunnable.java:54)
	at org.testng.internal.InvokeMethodRunnable.run(InvokeMethodRunnable.java:44)
	at java.util.concurrent.Executors$RunnableAdapter.call(Unknown Source)
	at java.util.concurrent.FutureTask.run(Unknown Source)
	at java.util.concurrent.ThreadPoolExecutor.runWorker(Unknown Source)
	at java.util.concurrent.ThreadPoolExecutor$Worker.run(Unknown Source)
	at java.lang.Thread.run(Unknown Source)
Caused by: org.openqa.selenium.WebDriverException: unknown error: unhandled inspector error: {"code":-32000,"message":"Cannot find context with specified id"}
  (Session info: chrome=57.0.2987.133)
  (Driver info: chromedriver=2.28.455520 (cc17746adff54984afff480136733114c6b3704b),platform=Windows NT 6.1.7601 SP1 x86_64) (WARNING: The server did not provide any stacktrace information)
Command duration or timeout: 4924.83 seconds
Build info: version: '3.2.0', revision: '8c03df6', time: '2017-03-02 09:34:51 -0800'
System info: host: 'BLRW3004289', ip: '10.205.50.233', os.name: 'Windows 7', os.arch: 'amd64', os.version: '6.1', java.version: '1.8.0_121'
Driver info: org.openqa.selenium.chrome.ChromeDriver
Capabilities [{applicationCacheEnabled=false, rotatable=false, mobileEmulationEnabled=false, networkConnectionEnabled=false, chrome={chromedriverVersion=2.28.455520 (cc17746adff54984afff480136733114c6b3704b), userDataDir=C:\Users\SNARAY~1\AppData\Local\Temp\scoped_dir9524_9625}, takesHeapSnapshot=true, pageLoadStrategy=normal, databaseEnabled=false, handlesAlerts=true, hasTouchScreen=false, version=57.0.2987.133, platform=XP, browserConnectionEnabled=false, nativeEvents=true, acceptSslCerts=true, locationContextEnabled=true, webStorageEnabled=true, browserName=chrome, takesScreenshot=true, javascriptEnabled=true, cssSelectorsEnabled=true, unexpectedAlertBehaviour=}]
Session ID: a646fb0dd76e7f5f734e886927830d29
*** Element info: {Using=id, value=filter-kpi-control}
	at sun.reflect.NativeConstructorAccessorImpl.newInstance0(Native Method)
	at sun.reflect.NativeConstructorAccessorImpl.newInstance(Unknown Source)
	at sun.reflect.DelegatingConstructorAccessorImpl.newInstance(Unknown Source)
	at java.lang.reflect.Constructor.newInstance(Unknown Source)
	at org.openqa.selenium.remote.ErrorHandler.createThrowable(ErrorHandler.java:216)
	at org.openqa.selenium.remote.ErrorHandler.throwIfResponseFailed(ErrorHandler.java:168)
	at org.openqa.selenium.remote.RemoteWebDriver.execute(RemoteWebDriver.java:638)
	at org.openqa.selenium.remote.RemoteWebDriver.findElement(RemoteWebDriver.java:371)
	at org.openqa.selenium.remote.RemoteWebDriver.findElementById(RemoteWebDriver.java:420)
	at org.openqa.selenium.By$ById.findElement(By.java:218)
	at org.openqa.selenium.remote.RemoteWebDriver.findElement(RemoteWebDriver.java:363)
	at org.openqa.selenium.support.pagefactory.DefaultElementLocator.findElement(DefaultElementLocator.java:69)
	at org.openqa.selenium.support.pagefactory.internal.LocatingElementHandler.invoke(LocatingElementHandler.java:38)
	at com.sun.proxy.$Proxy10.findElements(Unknown Source)
	at PageOModel.Performance_trend_analysis_page.valueData(Performance_trend_analysis_page.java:99)
	at AutomationTests.Perf_mod_page1_UAT.segmentPages(Perf_mod_page1_UAT.java:290)
	at AutomationTests.Perf_mod_page1_UAT.drillPages(Perf_mod_page1_UAT.java:258)
	... 14 more
]]>
    </failure>
  </testcase> <!-- menuSelect -->
</testsuite> <!-- AutomationTests.Perf_mod_page1_UAT -->
