<?xml version="1.0" encoding="UTF-8"?>
<!-- Generated by org.testng.reporters.JUnitReportReporter -->
<testsuite skipped="2" hostname="BLRW3004289" name="AutomationTests.LoE_page1_ReleaseTest" tests="4" failures="0" timestamp="03 Apr 2017 06:51:40 GMT" time="1.000" errors="2">
  <testcase name="AfterRun" time="1.000" classname="AutomationTests.LoE_page1_ReleaseTest">
    <error type="java.lang.NullPointerException">
      <![CDATA[java.lang.NullPointerException
	at AutomationTests.LoE_page1_ReleaseTest.AfterRun(LoE_page1_ReleaseTest.java:238)
	at sun.reflect.NativeMethodAccessorImpl.invoke0(Native Method)
	at sun.reflect.NativeMethodAccessorImpl.invoke(Unknown Source)
	at sun.reflect.DelegatingMethodAccessorImpl.invoke(Unknown Source)
	at java.lang.reflect.Method.invoke(Unknown Source)
	at org.testng.internal.MethodInvocationHelper.invokeMethod(MethodInvocationHelper.java:108)
	at org.testng.internal.Invoker.invokeConfigurationMethod(Invoker.java:523)
	at org.testng.internal.Invoker.invokeConfigurations(Invoker.java:224)
	at org.testng.internal.Invoker.invokeConfigurations(Invoker.java:146)
	at org.testng.internal.TestMethodWorker.invokeAfterClassMethods(TestMethodWorker.java:212)
	at org.testng.internal.TestMethodWorker.run(TestMethodWorker.java:112)
	at org.testng.TestRunner.privateRun(TestRunner.java:744)
	at org.testng.TestRunner.run(TestRunner.java:602)
	at org.testng.SuiteRunner.runTest(SuiteRunner.java:380)
	at org.testng.SuiteRunner.access$000(SuiteRunner.java:39)
	at org.testng.SuiteRunner$SuiteWorker.run(SuiteRunner.java:414)
	at org.testng.internal.thread.ThreadUtil$1.call(ThreadUtil.java:52)
	at java.util.concurrent.FutureTask.run(Unknown Source)
	at java.util.concurrent.ThreadPoolExecutor.runWorker(Unknown Source)
	at java.util.concurrent.ThreadPoolExecutor$Worker.run(Unknown Source)
	at java.lang.Thread.run(Unknown Source)
]]>
    </error>
  </testcase> <!-- AfterRun -->
  <testcase name="OpenAutomationTest_env" time="0.000" classname="AutomationTests.LoE_page1_ReleaseTest">
    <error type="org.testng.TestNGException" message="
Parameter &#039;RTurl&#039; is required by @Test on method OpenAutomationTest_env but has not been marked @Optional or defined
in C:\Backup\Automation\Sel 2017\ISSD_Data_Comparison\testng.xml">
      <![CDATA[org.testng.TestNGException: 
Parameter 'RTurl' is required by @Test on method OpenAutomationTest_env but has not been marked @Optional or defined
in C:\Backup\Automation\Sel 2017\ISSD_Data_Comparison\testng.xml
	at org.testng.internal.Parameters.createParameters(Parameters.java:199)
	at org.testng.internal.Parameters.createParameters(Parameters.java:443)
	at org.testng.internal.Parameters.handleParameters(Parameters.java:569)
	at org.testng.internal.Invoker.handleParameters(Invoker.java:1308)
	at org.testng.internal.Invoker.createParameters(Invoker.java:1036)
	at org.testng.internal.Invoker.invokeTestMethods(Invoker.java:1126)
	at org.testng.internal.TestMethodWorker.invokeTestMethods(TestMethodWorker.java:126)
	at org.testng.internal.TestMethodWorker.run(TestMethodWorker.java:109)
	at org.testng.TestRunner.privateRun(TestRunner.java:744)
	at org.testng.TestRunner.run(TestRunner.java:602)
	at org.testng.SuiteRunner.runTest(SuiteRunner.java:380)
	at org.testng.SuiteRunner.access$000(SuiteRunner.java:39)
	at org.testng.SuiteRunner$SuiteWorker.run(SuiteRunner.java:414)
	at org.testng.internal.thread.ThreadUtil$1.call(ThreadUtil.java:52)
	at java.util.concurrent.FutureTask.run(Unknown Source)
	at java.util.concurrent.ThreadPoolExecutor.runWorker(Unknown Source)
	at java.util.concurrent.ThreadPoolExecutor$Worker.run(Unknown Source)
	at java.lang.Thread.run(Unknown Source)
]]>
    </error>
  </testcase> <!-- OpenAutomationTest_env -->
  <testcase name="login" time="0.000" classname="AutomationTests.LoE_page1_ReleaseTest">
    <skipped/>
  </testcase> <!-- login -->
  <testcase name="menuSelect" time="0.000" classname="AutomationTests.LoE_page1_ReleaseTest">
    <skipped/>
  </testcase> <!-- menuSelect -->
</testsuite> <!-- AutomationTests.LoE_page1_ReleaseTest -->
